{"level":"info","message":"14:function getMinutes() { [native code] } - 29:8:2021 | Info: Web Server has been started"}
{"level":"info","message":"14:function getMinutes() { [native code] } - 29:8:2021 | Info: Command Loaded: bassboost"}
{"level":"info","message":"14:function getMinutes() { [native code] } - 29:8:2021 | Info: Command Loaded: bump"}
{"level":"info","message":"14:function getMinutes() { [native code] } - 29:8:2021 | Info: Command Loaded: clear"}
{"level":"info","message":"14:function getMinutes() { [native code] } - 29:8:2021 | Info: Command Loaded: config"}
{"level":"info","message":"14:function getMinutes() { [native code] } - 29:8:2021 | Info: Command Loaded: disconnect"}
{"level":"info","message":"14:function getMinutes() { [native code] } - 29:8:2021 | Info: Command Loaded: grab"}
{"level":"info","message":"14:function getMinutes() { [native code] } - 29:8:2021 | Info: Command Loaded: help"}
{"level":"info","message":"14:function getMinutes() { [native code] } - 29:8:2021 | Info: Command Loaded: invite"}
{"level":"info","message":"14:function getMinutes() { [native code] } - 29:8:2021 | Info: Command Loaded: loop"}
{"level":"info","message":"14:function getMinutes() { [native code] } - 29:8:2021 | Info: Command Loaded: loopqueue"}
{"level":"info","message":"14:function getMinutes() { [native code] } - 29:8:2021 | Info: Command Loaded: lyrics"}
{"level":"info","message":"14:function getMinutes() { [native code] } - 29:8:2021 | Info: Command Loaded: move"}
{"level":"info","message":"14:function getMinutes() { [native code] } - 29:8:2021 | Info: Command Loaded: nowplaying"}
{"level":"info","message":"14:function getMinutes() { [native code] } - 29:8:2021 | Info: Command Loaded: pause"}
{"level":"info","message":"14:function getMinutes() { [native code] } - 29:8:2021 | Info: Command Loaded: play"}
{"level":"info","message":"14:function getMinutes() { [native code] } - 29:8:2021 | Info: Command Loaded: queue"}
{"level":"info","message":"14:function getMinutes() { [native code] } - 29:8:2021 | Info: Command Loaded: remove"}
{"level":"info","message":"14:function getMinutes() { [native code] } - 29:8:2021 | Info: Command Loaded: resume"}
{"level":"info","message":"14:function getMinutes() { [native code] } - 29:8:2021 | Info: Command Loaded: search"}
{"level":"info","message":"14:function getMinutes() { [native code] } - 29:8:2021 | Info: Command Loaded: seek"}
{"level":"info","message":"14:function getMinutes() { [native code] } - 29:8:2021 | Info: Command Loaded: shuffle"}
{"level":"info","message":"14:function getMinutes() { [native code] } - 29:8:2021 | Info: Command Loaded: skip"}
{"level":"info","message":"14:function getMinutes() { [native code] } - 29:8:2021 | Info: Command Loaded: skipto"}
{"level":"info","message":"14:function getMinutes() { [native code] } - 29:8:2021 | Info: Command Loaded: stats"}
{"level":"info","message":"14:function getMinutes() { [native code] } - 29:8:2021 | Info: Command Loaded: volume"}
{"level":"info","message":"14:function getMinutes() { [native code] } - 29:8:2021 | Info: Command Loaded: youtube"}
{"level":"info","message":"14:function getMinutes() { [native code] } - 29:8:2021 | Info: Event Loaded: guildCreate"}
{"level":"info","message":"14:function getMinutes() { [native code] } - 29:8:2021 | Info: Event Loaded: message"}
{"level":"info","message":"14:function getMinutes() { [native code] } - 29:8:2021 | Info: Event Loaded: raw"}
{"level":"info","message":"14:function getMinutes() { [native code] } - 29:8:2021 | Info: Event Loaded: ready"}
{"level":"info","message":"14:function getMinutes() { [native code] } - 29:8:2021 | Info: Event Loaded: voiceStateUpdate"}
{"level":"info","message":"14:function getMinutes() { [native code] } - 29:8:2021 | Info: Web Server has been started"}
{"level":"info","message":"14:function getMinutes() { [native code] } - 29:8:2021 | Info: Command Loaded: bassboost"}
{"level":"info","message":"14:function getMinutes() { [native code] } - 29:8:2021 | Info: Command Loaded: bump"}
{"level":"info","message":"14:function getMinutes() { [native code] } - 29:8:2021 | Info: Command Loaded: clear"}
{"level":"info","message":"14:function getMinutes() { [native code] } - 29:8:2021 | Info: Command Loaded: config"}
{"level":"info","message":"14:function getMinutes() { [native code] } - 29:8:2021 | Info: Command Loaded: disconnect"}
{"level":"info","message":"14:function getMinutes() { [native code] } - 29:8:2021 | Info: Command Loaded: grab"}
{"level":"info","message":"14:function getMinutes() { [native code] } - 29:8:2021 | Info: Command Loaded: help"}
{"level":"info","message":"14:function getMinutes() { [native code] } - 29:8:2021 | Info: Command Loaded: invite"}
{"level":"info","message":"14:function getMinutes() { [native code] } - 29:8:2021 | Info: Command Loaded: loop"}
{"level":"info","message":"14:function getMinutes() { [native code] } - 29:8:2021 | Info: Command Loaded: loopqueue"}
{"level":"info","message":"14:function getMinutes() { [native code] } - 29:8:2021 | Info: Command Loaded: lyrics"}
{"level":"info","message":"14:function getMinutes() { [native code] } - 29:8:2021 | Info: Command Loaded: move"}
{"level":"info","message":"14:function getMinutes() { [native code] } - 29:8:2021 | Info: Command Loaded: nowplaying"}
{"level":"info","message":"14:function getMinutes() { [native code] } - 29:8:2021 | Info: Command Loaded: pause"}
{"level":"info","message":"14:function getMinutes() { [native code] } - 29:8:2021 | Info: Command Loaded: play"}
{"level":"info","message":"14:function getMinutes() { [native code] } - 29:8:2021 | Info: Command Loaded: queue"}
{"level":"info","message":"14:function getMinutes() { [native code] } - 29:8:2021 | Info: Command Loaded: remove"}
{"level":"info","message":"14:function getMinutes() { [native code] } - 29:8:2021 | Info: Command Loaded: resume"}
{"level":"info","message":"14:function getMinutes() { [native code] } - 29:8:2021 | Info: Command Loaded: search"}
{"level":"info","message":"14:function getMinutes() { [native code] } - 29:8:2021 | Info: Command Loaded: seek"}
{"level":"info","message":"14:function getMinutes() { [native code] } - 29:8:2021 | Info: Command Loaded: shuffle"}
{"level":"info","message":"14:function getMinutes() { [native code] } - 29:8:2021 | Info: Command Loaded: skip"}
{"level":"info","message":"14:function getMinutes() { [native code] } - 29:8:2021 | Info: Command Loaded: skipto"}
{"level":"info","message":"14:function getMinutes() { [native code] } - 29:8:2021 | Info: Command Loaded: stats"}
{"level":"info","message":"14:function getMinutes() { [native code] } - 29:8:2021 | Info: Command Loaded: volume"}
{"level":"info","message":"14:function getMinutes() { [native code] } - 29:8:2021 | Info: Command Loaded: youtube"}
{"level":"info","message":"14:function getMinutes() { [native code] } - 29:8:2021 | Info: Event Loaded: guildCreate"}
{"level":"info","message":"14:function getMinutes() { [native code] } - 29:8:2021 | Info: Event Loaded: message"}
{"level":"info","message":"14:function getMinutes() { [native code] } - 29:8:2021 | Info: Event Loaded: raw"}
{"level":"info","message":"14:function getMinutes() { [native code] } - 29:8:2021 | Info: Event Loaded: ready"}
{"level":"info","message":"14:function getMinutes() { [native code] } - 29:8:2021 | Info: Event Loaded: voiceStateUpdate"}
{"level":"info","message":"15:function getMinutes() { [native code] } - 29:8:2021 | Info: Web Server has been started"}
{"level":"info","message":"15:function getMinutes() { [native code] } - 29:8:2021 | Info: Command Loaded: bassboost"}
{"level":"info","message":"15:function getMinutes() { [native code] } - 29:8:2021 | Info: Command Loaded: bump"}
{"level":"info","message":"15:function getMinutes() { [native code] } - 29:8:2021 | Info: Command Loaded: clear"}
{"level":"info","message":"15:function getMinutes() { [native code] } - 29:8:2021 | Info: Command Loaded: config"}
{"level":"info","message":"15:function getMinutes() { [native code] } - 29:8:2021 | Info: Command Loaded: disconnect"}
{"level":"info","message":"15:function getMinutes() { [native code] } - 29:8:2021 | Info: Command Loaded: grab"}
{"level":"info","message":"15:function getMinutes() { [native code] } - 29:8:2021 | Info: Command Loaded: help"}
{"level":"info","message":"15:function getMinutes() { [native code] } - 29:8:2021 | Info: Command Loaded: invite"}
{"level":"info","message":"15:function getMinutes() { [native code] } - 29:8:2021 | Info: Command Loaded: loop"}
{"level":"info","message":"15:function getMinutes() { [native code] } - 29:8:2021 | Info: Command Loaded: loopqueue"}
{"level":"info","message":"15:function getMinutes() { [native code] } - 29:8:2021 | Info: Command Loaded: lyrics"}
{"level":"info","message":"15:function getMinutes() { [native code] } - 29:8:2021 | Info: Command Loaded: move"}
{"level":"info","message":"15:function getMinutes() { [native code] } - 29:8:2021 | Info: Command Loaded: nowplaying"}
{"level":"info","message":"15:function getMinutes() { [native code] } - 29:8:2021 | Info: Command Loaded: pause"}
{"level":"info","message":"15:function getMinutes() { [native code] } - 29:8:2021 | Info: Command Loaded: play"}
{"level":"info","message":"15:function getMinutes() { [native code] } - 29:8:2021 | Info: Command Loaded: queue"}
{"level":"info","message":"15:function getMinutes() { [native code] } - 29:8:2021 | Info: Command Loaded: remove"}
{"level":"info","message":"15:function getMinutes() { [native code] } - 29:8:2021 | Info: Command Loaded: resume"}
{"level":"info","message":"15:function getMinutes() { [native code] } - 29:8:2021 | Info: Command Loaded: search"}
{"level":"info","message":"15:function getMinutes() { [native code] } - 29:8:2021 | Info: Command Loaded: seek"}
{"level":"info","message":"15:function getMinutes() { [native code] } - 29:8:2021 | Info: Command Loaded: shuffle"}
{"level":"info","message":"15:function getMinutes() { [native code] } - 29:8:2021 | Info: Command Loaded: skip"}
{"level":"info","message":"15:function getMinutes() { [native code] } - 29:8:2021 | Info: Command Loaded: skipto"}
{"level":"info","message":"15:function getMinutes() { [native code] } - 29:8:2021 | Info: Command Loaded: stats"}
{"level":"info","message":"15:function getMinutes() { [native code] } - 29:8:2021 | Info: Command Loaded: volume"}
{"level":"info","message":"15:function getMinutes() { [native code] } - 29:8:2021 | Info: Command Loaded: youtube"}
{"level":"info","message":"15:function getMinutes() { [native code] } - 29:8:2021 | Info: Event Loaded: guildCreate"}
{"level":"info","message":"15:function getMinutes() { [native code] } - 29:8:2021 | Info: Event Loaded: message"}
{"level":"info","message":"15:function getMinutes() { [native code] } - 29:8:2021 | Info: Event Loaded: raw"}
{"level":"info","message":"15:function getMinutes() { [native code] } - 29:8:2021 | Info: Event Loaded: ready"}
{"level":"info","message":"15:function getMinutes() { [native code] } - 29:8:2021 | Info: Event Loaded: voiceStateUpdate"}
{"level":"info","message":"15:function getMinutes() { [native code] } - 29:8:2021 | Info: Web Server has been started"}
{"level":"info","message":"15:function getMinutes() { [native code] } - 29:8:2021 | Info: Command Loaded: bassboost"}
{"level":"info","message":"15:function getMinutes() { [native code] } - 29:8:2021 | Info: Command Loaded: bump"}
{"level":"info","message":"15:function getMinutes() { [native code] } - 29:8:2021 | Info: Command Loaded: clear"}
{"level":"info","message":"15:function getMinutes() { [native code] } - 29:8:2021 | Info: Command Loaded: config"}
{"level":"info","message":"15:function getMinutes() { [native code] } - 29:8:2021 | Info: Command Loaded: disconnect"}
{"level":"info","message":"15:function getMinutes() { [native code] } - 29:8:2021 | Info: Command Loaded: grab"}
{"level":"info","message":"15:function getMinutes() { [native code] } - 29:8:2021 | Info: Command Loaded: help"}
{"level":"info","message":"15:function getMinutes() { [native code] } - 29:8:2021 | Info: Command Loaded: invite"}
{"level":"info","message":"15:function getMinutes() { [native code] } - 29:8:2021 | Info: Command Loaded: loop"}
{"level":"info","message":"15:function getMinutes() { [native code] } - 29:8:2021 | Info: Command Loaded: loopqueue"}
{"level":"info","message":"15:function getMinutes() { [native code] } - 29:8:2021 | Info: Command Loaded: lyrics"}
{"level":"info","message":"15:function getMinutes() { [native code] } - 29:8:2021 | Info: Command Loaded: move"}
{"level":"info","message":"15:function getMinutes() { [native code] } - 29:8:2021 | Info: Command Loaded: nowplaying"}
{"level":"info","message":"15:function getMinutes() { [native code] } - 29:8:2021 | Info: Command Loaded: pause"}
{"level":"info","message":"15:function getMinutes() { [native code] } - 29:8:2021 | Info: Command Loaded: play"}
{"level":"info","message":"15:function getMinutes() { [native code] } - 29:8:2021 | Info: Command Loaded: queue"}
{"level":"info","message":"15:function getMinutes() { [native code] } - 29:8:2021 | Info: Command Loaded: remove"}
{"level":"info","message":"15:function getMinutes() { [native code] } - 29:8:2021 | Info: Command Loaded: resume"}
{"level":"info","message":"15:function getMinutes() { [native code] } - 29:8:2021 | Info: Command Loaded: search"}
{"level":"info","message":"15:function getMinutes() { [native code] } - 29:8:2021 | Info: Command Loaded: seek"}
{"level":"info","message":"15:function getMinutes() { [native code] } - 29:8:2021 | Info: Command Loaded: shuffle"}
{"level":"info","message":"15:function getMinutes() { [native code] } - 29:8:2021 | Info: Command Loaded: skip"}
{"level":"info","message":"15:function getMinutes() { [native code] } - 29:8:2021 | Info: Command Loaded: skipto"}
{"level":"info","message":"15:function getMinutes() { [native code] } - 29:8:2021 | Info: Command Loaded: stats"}
{"level":"info","message":"15:function getMinutes() { [native code] } - 29:8:2021 | Info: Command Loaded: volume"}
{"level":"info","message":"15:function getMinutes() { [native code] } - 29:8:2021 | Info: Command Loaded: youtube"}
{"level":"info","message":"15:function getMinutes() { [native code] } - 29:8:2021 | Info: Event Loaded: guildCreate"}
{"level":"info","message":"15:function getMinutes() { [native code] } - 29:8:2021 | Info: Event Loaded: message"}
{"level":"info","message":"15:function getMinutes() { [native code] } - 29:8:2021 | Info: Event Loaded: raw"}
{"level":"info","message":"15:function getMinutes() { [native code] } - 29:8:2021 | Info: Event Loaded: ready"}
{"level":"info","message":"15:function getMinutes() { [native code] } - 29:8:2021 | Info: Event Loaded: voiceStateUpdate"}
{"level":"info","message":"15:function getMinutes() { [native code] } - 29:8:2021 | Info: Web Server has been started"}
{"level":"info","message":"15:function getMinutes() { [native code] } - 29:8:2021 | Info: Command Loaded: bassboost"}
{"level":"info","message":"15:function getMinutes() { [native code] } - 29:8:2021 | Info: Command Loaded: bump"}
{"level":"info","message":"15:function getMinutes() { [native code] } - 29:8:2021 | Info: Command Loaded: clear"}
{"level":"info","message":"15:function getMinutes() { [native code] } - 29:8:2021 | Info: Command Loaded: config"}
{"level":"info","message":"15:function getMinutes() { [native code] } - 29:8:2021 | Info: Command Loaded: disconnect"}
{"level":"info","message":"15:function getMinutes() { [native code] } - 29:8:2021 | Info: Command Loaded: grab"}
{"level":"info","message":"15:function getMinutes() { [native code] } - 29:8:2021 | Info: Command Loaded: help"}
{"level":"info","message":"15:function getMinutes() { [native code] } - 29:8:2021 | Info: Command Loaded: invite"}
{"level":"info","message":"15:function getMinutes() { [native code] } - 29:8:2021 | Info: Command Loaded: loop"}
{"level":"info","message":"15:function getMinutes() { [native code] } - 29:8:2021 | Info: Command Loaded: loopqueue"}
{"level":"info","message":"15:function getMinutes() { [native code] } - 29:8:2021 | Info: Command Loaded: lyrics"}
{"level":"info","message":"15:function getMinutes() { [native code] } - 29:8:2021 | Info: Command Loaded: move"}
{"level":"info","message":"15:function getMinutes() { [native code] } - 29:8:2021 | Info: Command Loaded: nowplaying"}
{"level":"info","message":"15:function getMinutes() { [native code] } - 29:8:2021 | Info: Command Loaded: pause"}
{"level":"info","message":"15:function getMinutes() { [native code] } - 29:8:2021 | Info: Command Loaded: play"}
{"level":"info","message":"15:function getMinutes() { [native code] } - 29:8:2021 | Info: Command Loaded: queue"}
{"level":"info","message":"15:function getMinutes() { [native code] } - 29:8:2021 | Info: Command Loaded: remove"}
{"level":"info","message":"15:function getMinutes() { [native code] } - 29:8:2021 | Info: Command Loaded: resume"}
{"level":"info","message":"15:function getMinutes() { [native code] } - 29:8:2021 | Info: Command Loaded: search"}
{"level":"info","message":"15:function getMinutes() { [native code] } - 29:8:2021 | Info: Command Loaded: seek"}
{"level":"info","message":"15:function getMinutes() { [native code] } - 29:8:2021 | Info: Command Loaded: shuffle"}
{"level":"info","message":"15:function getMinutes() { [native code] } - 29:8:2021 | Info: Command Loaded: skip"}
{"level":"info","message":"15:function getMinutes() { [native code] } - 29:8:2021 | Info: Command Loaded: skipto"}
{"level":"info","message":"15:function getMinutes() { [native code] } - 29:8:2021 | Info: Command Loaded: stats"}
{"level":"info","message":"15:function getMinutes() { [native code] } - 29:8:2021 | Info: Command Loaded: volume"}
{"level":"info","message":"15:function getMinutes() { [native code] } - 29:8:2021 | Info: Command Loaded: youtube"}
{"level":"info","message":"15:function getMinutes() { [native code] } - 29:8:2021 | Info: Event Loaded: guildCreate"}
{"level":"info","message":"15:function getMinutes() { [native code] } - 29:8:2021 | Info: Event Loaded: message"}
{"level":"info","message":"15:function getMinutes() { [native code] } - 29:8:2021 | Info: Event Loaded: raw"}
{"level":"info","message":"15:function getMinutes() { [native code] } - 29:8:2021 | Info: Event Loaded: ready"}
{"level":"info","message":"15:function getMinutes() { [native code] } - 29:8:2021 | Info: Event Loaded: voiceStateUpdate"}
{"level":"info","message":"15:function getMinutes() { [native code] } - 29:8:2021 | Info: Web Server has been started"}
{"level":"info","message":"15:function getMinutes() { [native code] } - 29:8:2021 | Info: Command Loaded: bassboost"}
{"level":"info","message":"15:function getMinutes() { [native code] } - 29:8:2021 | Info: Command Loaded: bump"}
{"level":"info","message":"15:function getMinutes() { [native code] } - 29:8:2021 | Info: Command Loaded: clear"}
{"level":"info","message":"15:function getMinutes() { [native code] } - 29:8:2021 | Info: Command Loaded: config"}
{"level":"info","message":"15:function getMinutes() { [native code] } - 29:8:2021 | Info: Command Loaded: disconnect"}
{"level":"info","message":"15:function getMinutes() { [native code] } - 29:8:2021 | Info: Command Loaded: grab"}
{"level":"info","message":"15:function getMinutes() { [native code] } - 29:8:2021 | Info: Command Loaded: help"}
{"level":"info","message":"15:function getMinutes() { [native code] } - 29:8:2021 | Info: Command Loaded: invite"}
{"level":"info","message":"15:function getMinutes() { [native code] } - 29:8:2021 | Info: Command Loaded: loop"}
{"level":"info","message":"15:function getMinutes() { [native code] } - 29:8:2021 | Info: Command Loaded: loopqueue"}
{"level":"info","message":"15:function getMinutes() { [native code] } - 29:8:2021 | Info: Command Loaded: lyrics"}
{"level":"info","message":"15:function getMinutes() { [native code] } - 29:8:2021 | Info: Command Loaded: move"}
{"level":"info","message":"15:function getMinutes() { [native code] } - 29:8:2021 | Info: Command Loaded: nowplaying"}
{"level":"info","message":"15:function getMinutes() { [native code] } - 29:8:2021 | Info: Command Loaded: pause"}
{"level":"info","message":"15:function getMinutes() { [native code] } - 29:8:2021 | Info: Command Loaded: play"}
{"level":"info","message":"15:function getMinutes() { [native code] } - 29:8:2021 | Info: Command Loaded: queue"}
{"level":"info","message":"15:function getMinutes() { [native code] } - 29:8:2021 | Info: Command Loaded: remove"}
{"level":"info","message":"15:function getMinutes() { [native code] } - 29:8:2021 | Info: Command Loaded: resume"}
{"level":"info","message":"15:function getMinutes() { [native code] } - 29:8:2021 | Info: Command Loaded: search"}
{"level":"info","message":"15:function getMinutes() { [native code] } - 29:8:2021 | Info: Command Loaded: seek"}
{"level":"info","message":"15:function getMinutes() { [native code] } - 29:8:2021 | Info: Command Loaded: shuffle"}
{"level":"info","message":"15:function getMinutes() { [native code] } - 29:8:2021 | Info: Command Loaded: skip"}
{"level":"info","message":"15:function getMinutes() { [native code] } - 29:8:2021 | Info: Command Loaded: skipto"}
{"level":"info","message":"15:function getMinutes() { [native code] } - 29:8:2021 | Info: Command Loaded: stats"}
{"level":"info","message":"15:function getMinutes() { [native code] } - 29:8:2021 | Info: Command Loaded: volume"}
{"level":"info","message":"15:function getMinutes() { [native code] } - 29:8:2021 | Info: Command Loaded: youtube"}
{"level":"info","message":"15:function getMinutes() { [native code] } - 29:8:2021 | Info: Event Loaded: guildCreate"}
{"level":"info","message":"15:function getMinutes() { [native code] } - 29:8:2021 | Info: Event Loaded: message"}
{"level":"info","message":"15:function getMinutes() { [native code] } - 29:8:2021 | Info: Event Loaded: raw"}
{"level":"info","message":"15:function getMinutes() { [native code] } - 29:8:2021 | Info: Event Loaded: ready"}
{"level":"info","message":"15:function getMinutes() { [native code] } - 29:8:2021 | Info: Event Loaded: voiceStateUpdate"}
{"level":"info","message":"15:function getMinutes() { [native code] } - 29:8:2021 | Info: Web Server has been started"}
{"level":"info","message":"15:function getMinutes() { [native code] } - 29:8:2021 | Info: Command Loaded: bassboost"}
{"level":"info","message":"15:function getMinutes() { [native code] } - 29:8:2021 | Info: Command Loaded: bump"}
{"level":"info","message":"15:function getMinutes() { [native code] } - 29:8:2021 | Info: Command Loaded: clear"}
{"level":"info","message":"15:function getMinutes() { [native code] } - 29:8:2021 | Info: Command Loaded: config"}
{"level":"info","message":"15:function getMinutes() { [native code] } - 29:8:2021 | Info: Command Loaded: disconnect"}
{"level":"info","message":"15:function getMinutes() { [native code] } - 29:8:2021 | Info: Command Loaded: grab"}
{"level":"info","message":"15:function getMinutes() { [native code] } - 29:8:2021 | Info: Command Loaded: help"}
{"level":"info","message":"15:function getMinutes() { [native code] } - 29:8:2021 | Info: Command Loaded: invite"}
{"level":"info","message":"15:function getMinutes() { [native code] } - 29:8:2021 | Info: Command Loaded: loop"}
{"level":"info","message":"15:function getMinutes() { [native code] } - 29:8:2021 | Info: Command Loaded: loopqueue"}
{"level":"info","message":"15:function getMinutes() { [native code] } - 29:8:2021 | Info: Command Loaded: lyrics"}
{"level":"info","message":"15:function getMinutes() { [native code] } - 29:8:2021 | Info: Command Loaded: move"}
{"level":"info","message":"15:function getMinutes() { [native code] } - 29:8:2021 | Info: Command Loaded: nowplaying"}
{"level":"info","message":"15:function getMinutes() { [native code] } - 29:8:2021 | Info: Command Loaded: pause"}
{"level":"info","message":"15:function getMinutes() { [native code] } - 29:8:2021 | Info: Command Loaded: play"}
{"level":"info","message":"15:function getMinutes() { [native code] } - 29:8:2021 | Info: Command Loaded: queue"}
{"level":"info","message":"15:function getMinutes() { [native code] } - 29:8:2021 | Info: Command Loaded: remove"}
{"level":"info","message":"15:function getMinutes() { [native code] } - 29:8:2021 | Info: Command Loaded: resume"}
{"level":"info","message":"15:function getMinutes() { [native code] } - 29:8:2021 | Info: Command Loaded: search"}
{"level":"info","message":"15:function getMinutes() { [native code] } - 29:8:2021 | Info: Command Loaded: seek"}
{"level":"info","message":"15:function getMinutes() { [native code] } - 29:8:2021 | Info: Command Loaded: shuffle"}
{"level":"info","message":"15:function getMinutes() { [native code] } - 29:8:2021 | Info: Command Loaded: skip"}
{"level":"info","message":"15:function getMinutes() { [native code] } - 29:8:2021 | Info: Command Loaded: skipto"}
{"level":"info","message":"15:function getMinutes() { [native code] } - 29:8:2021 | Info: Command Loaded: stats"}
{"level":"info","message":"15:function getMinutes() { [native code] } - 29:8:2021 | Info: Command Loaded: volume"}
{"level":"info","message":"15:function getMinutes() { [native code] } - 29:8:2021 | Info: Command Loaded: youtube"}
{"level":"info","message":"15:function getMinutes() { [native code] } - 29:8:2021 | Info: Event Loaded: guildCreate"}
{"level":"info","message":"15:function getMinutes() { [native code] } - 29:8:2021 | Info: Event Loaded: message"}
{"level":"info","message":"15:function getMinutes() { [native code] } - 29:8:2021 | Info: Event Loaded: raw"}
{"level":"info","message":"15:function getMinutes() { [native code] } - 29:8:2021 | Info: Event Loaded: ready"}
{"level":"info","message":"15:function getMinutes() { [native code] } - 29:8:2021 | Info: Event Loaded: voiceStateUpdate"}
